<?xml version="1.0" encoding="UTF-8"?>
<!-- Generated by org.testng.reporters.JUnitReportReporter -->
<testsuite hostname="DESKTOP-JF2V44H" failures="0" tests="1" name="electronicsTest.SelectCameraTest" time="4.308" errors="0" timestamp="2024-06-12T16:36:52 IST" skipped="0">
  <testcase classname="electronicsTest.SelectCameraTest" name="toSelectCameraImage_001" time="4.308"/>
  <system-out>
    <![CDATA[electronics link clicked
Electronicsnavigate to electronics page]]>
  </system-out>
</testsuite> <!-- electronicsTest.SelectCameraTest -->
